#
# A fatal error has been detected by the Java Runtime Environment:
#
#  EXCEPTION_ACCESS_VIOLATION (0xc0000005) at pc=0x00007ff9d91959ad, pid=13232, tid=2808
#
# JRE version: OpenJDK Runtime Environment (11.0.15) (build 11.0.15+0-b2043.56-9505619)
# Java VM: OpenJDK 64-Bit Server VM (11.0.15+0-b2043.56-9505619, mixed mode, tiered, compressed oops, g1 gc, windows-amd64)
# Problematic frame:
# V  [jvm.dll+0x3759ad]
#
# No core dump will be written. Minidumps are not enabled by default on client versions of Windows
#
# If you would like to submit a bug report, please visit:
#   https://bugreport.java.com/bugreport/crash.jsp
#

---------------  S U M M A R Y ------------

Command Line: --add-opens=java.base/java.util=ALL-UNNAMED --add-opens=java.base/java.lang=ALL-UNNAMED --add-opens=java.base/java.lang.invoke=ALL-UNNAMED --add-opens=java.base/java.util=ALL-UNNAMED --add-opens=java.prefs/java.util.prefs=ALL-UNNAMED --add-opens=java.prefs/java.util.prefs=ALL-UNNAMED --add-opens=java.base/java.nio.charset=ALL-UNNAMED --add-opens=java.base/java.net=ALL-UNNAMED --add-opens=java.base/java.util.concurrent.atomic=ALL-UNNAMED -Xmx2048m -Dfile.encoding=UTF-8 -Duser.country=RU -Duser.language=ru -Duser.variant org.gradle.launcher.daemon.bootstrap.GradleDaemon 7.5

Host: AMD Ryzen 5 4500U with Radeon Graphics         , 6 cores, 7G,  Windows 10 , 64 bit Build 19041 (10.0.19041.2913)
Time: Mon Jun  5 18:57:00 2023 RTZ 2 (s 10 , 64 bit Build 19041 (10.0.19041.2913) elapsed time: 6.383579 seconds (0d 0h 0m 6s)

---------------  T H R E A D  ---------------

Current thread (0x000001821c056800):  JavaThread "C2 CompilerThread0" daemon [_thread_in_native, id=2808, stack(0x0000000bec000000,0x0000000bec100000)]


Current CompileTask:
C2:   6383 3156       4       java.lang.invoke.MethodType::makeImpl (108 bytes)

Stack: [0x0000000bec000000,0x0000000bec100000],  sp=0x0000000bec0fbae0,  free space=1006k
Native frames: (J=compiled Java code, j=interpreted, Vv=VM code, C=native code)
V  [jvm.dll+0x3759ad]
V  [jvm.dll+0x1b3951]
V  [jvm.dll+0x22163e]
V  [jvm.dll+0x220498]
V  [jvm.dll+0x19e851]
V  [jvm.dll+0x230479]
V  [jvm.dll+0x22e5ef]
V  [jvm.dll+0x794de1]
V  [jvm.dll+0x78dc24]
V  [jvm.dll+0x6400f6]
C  [ucrtbase.dll+0x21bb2]
C  [KERNEL32.DLL+0x17614]
C  [ntdll.dll+0x526a1]


siginfo: EXCEPTION_ACCESS_VIOLATION (0xc0000005), reading address 0x00007ff9d9b07a40


Register to memory mapping:

RIP=0x00007ff9d91959ad jvm.dll
RAX=0x000001821fdf68b0 points into unknown readable memory: 0x00007ff9d9907a40 | 40 7a 90 d9 f9 7f 00 00
RBX=0x0000018222c17190 points into unknown readable memory: 0x0000000000000007 | 07 00 00 00 00 00 00 00
RCX=0x0 is NULL
RDX=0x000000000000001c is an unknown value
RSP=0x0000000bec0fbae0 is pointing into the stack for thread: 0x000001821c056800
RBP=0x0000000bec0fbc30 is pointing into the stack for thread: 0x000001821c056800
RSI=0x0000000000001104 is an unknown value
RDI=0x0000000000001104 is an unknown value
R8 =0x0000000000000010 is an unknown value
R9 =0x00007ff9d9b07a40 is an unknown value
R10=0x00007ff9d8e20000 jvm.dll
R11=0x0000000bec0fba10 is pointing into the stack for thread: 0x000001821c056800
R12=0x00007ff9d8e20000 jvm.dll
R13=0x000001821dc045f8 points into unknown readable memory: 0x8800060023c313c4 | c4 13 c3 23 00 06 00 88
R14=0x0000000000000004 is an unknown value
R15=0x00007ff9d9907a40 jvm.dll


Registers:
RAX=0x000001821fdf68b0, RBX=0x0000018222c17190, RCX=0x0000000000000000, RDX=0x000000000000001c
RSP=0x0000000bec0fbae0, RBP=0x0000000bec0fbc30, RSI=0x0000000000001104, RDI=0x0000000000001104
R8 =0x0000000000000010, R9 =0x00007ff9d9b07a40, R10=0x00007ff9d8e20000, R11=0x0000000bec0fba10
R12=0x00007ff9d8e20000, R13=0x000001821dc045f8, R14=0x0000000000000004, R15=0x00007ff9d9907a40
RIP=0x00007ff9d91959ad, EFLAGS=0x0000000000010246

Top of Stack: (sp=0x0000000bec0fbae0)
0x0000000bec0fbae0:   0000000000001104 0000000000001104
0x0000000bec0fbaf0:   0000000000000000 00007ff9d9709cb0
0x0000000bec0fbb00:   00000e0300000003 0000000000000001
0x0000000bec0fbb10:   000001821cd36200 000000000000000f
0x0000000bec0fbb20:   000001821d76bd10 000000000000001a
0x0000000bec0fbb30:   0000018222c352d0 0000000000000000
0x0000000bec0fbb40:   000001821dc04210 0000000000000000
0x0000000bec0fbb50:   0000000bec0fbc60 00007ff9d8fd3951
0x0000000bec0fbb60:   0000000bec0fbfe0 0000000bec0fc0c8
0x0000000bec0fbb70:   000001821dc04220 00000000000003d8
0x0000000bec0fbb80:   0000000000000000 00007ff9d96c3ca8
0x0000000bec0fbb90:   0000000000000006 000001821dc04210
0x0000000bec0fbba0:   0000018221f3f9c0 0000018221f47950
0x0000000bec0fbbb0:   0000018221f479a8 000000000060bae0
0x0000000bec0fbbc0:   00000000000003d8 000001821dc04220
0x0000000bec0fbbd0:   0000000000000000 0000000000000000 

Instructions: (pc=0x00007ff9d91959ad)
0x00007ff9d91958ad:   5d c3 cc 48 8b c4 55 57 48 83 ec 68 33 ff 48 8b
0x00007ff9d91958bd:   e9 39 79 28 0f 86 3e 01 00 00 48 89 58 08 48 89
0x00007ff9d91958cd:   70 10 4c 89 60 18 4c 8d 25 26 a7 c8 ff 4c 89 70
0x00007ff9d91958dd:   20 4c 89 78 e8 4c 8d 3d 57 21 77 00 0f 1f 80 00
0x00007ff9d91958ed:   00 00 00 48 8d 14 bf 8b f7 48 c1 e2 05 48 8d 4c
0x00007ff9d91958fd:   24 20 48 03 55 10 e8 78 69 00 00 44 8b f7 41 83
0x00007ff9d919590d:   e6 1f 90 8b 44 24 20 85 c0 74 3e 44 8b 44 24 24
0x00007ff9d919591d:   a8 1f 75 0b c1 e8 05 41 83 c0 05 a8 1f 74 f5 8b
0x00007ff9d919592d:   d0 83 e2 1f 42 0f b6 8c 22 80 9e 8e 00 d3 e8 89
0x00007ff9d919593d:   44 24 20 42 8d 04 01 89 44 24 24 42 0f b6 84 22
0x00007ff9d919594d:   60 9e 8e 00 41 03 c0 eb 0a 48 8d 4c 24 20 e8 70
0x00007ff9d919595d:   69 00 00 85 c0 74 66 8b c0 48 8d 1c 80 48 c1 e3
0x00007ff9d919596d:   05 48 03 5d 10 85 ff 74 9a 48 8b 43 08 48 8b ce
0x00007ff9d919597d:   48 c1 e9 08 4c 8b 0c c8 4d 3b cf 75 0d 8b d7 48
0x00007ff9d919598d:   8b cb e8 ec 6a 00 00 4c 8b c8 41 8b ce 41 b8 01
0x00007ff9d919599d:   00 00 00 41 d3 e0 48 8b ce 48 c1 e9 05 83 e1 07
0x00007ff9d91959ad:   41 8b 14 89 8b c2 41 0b c0 41 89 04 89 41 85 d0
0x00007ff9d91959bd:   0f 85 4d ff ff ff ff 03 e9 46 ff ff ff ff c7 3b
0x00007ff9d91959cd:   7d 28 0f 82 1b ff ff ff 4c 8b 7c 24 60 4c 8b b4
0x00007ff9d91959dd:   24 98 00 00 00 4c 8b a4 24 90 00 00 00 48 8b b4
0x00007ff9d91959ed:   24 88 00 00 00 48 8b 9c 24 80 00 00 00 c6 45 18
0x00007ff9d91959fd:   01 48 83 c4 68 5f 5d c3 c6 41 18 01 48 83 c4 68
0x00007ff9d9195a0d:   5f 5d c3 48 89 5c 24 10 48 89 6c 24 18 56 41 54
0x00007ff9d9195a1d:   41 55 41 56 41 57 48 83 ec 60 8b ea 4c 8b f9 41
0x00007ff9d9195a2d:   8b c0 48 8d 34 ad 00 00 00 00 48 03 f5 48 8d 14
0x00007ff9d9195a3d:   80 48 c1 e2 05 48 03 51 10 48 c1 e6 05 48 03 71
0x00007ff9d9195a4d:   10 48 8d 4c 24 20 e8 28 68 00 00 44 8b e5 48 89
0x00007ff9d9195a5d:   bc 24 90 00 00 00 41 83 e4 1f 4c 8d 2d d2 1f 77
0x00007ff9d9195a6d:   00 4c 8d 0d 8b a5 c8 ff 8b 44 24 20 85 c0 74 48
0x00007ff9d9195a7d:   44 8b 44 24 24 a8 1f 75 15 66 66 0f 1f 84 00 00
0x00007ff9d9195a8d:   00 00 00 c1 e8 05 41 83 c0 05 a8 1f 74 f5 8b d0
0x00007ff9d9195a9d:   83 e2 1f 42 0f b6 8c 0a 80 9e 8e 00 42 0f b6 9c 


Stack slot to memory mapping:
stack at sp + 0 slots: 0x0000000000001104 is an unknown value
stack at sp + 1 slots: 0x0000000000001104 is an unknown value
stack at sp + 2 slots: 0x0 is NULL
stack at sp + 3 slots: 0x00007ff9d9709cb0 jvm.dll
stack at sp + 4 slots: 0x00000e0300000003 is an unknown value
stack at sp + 5 slots: 0x0000000000000001 is an unknown value
stack at sp + 6 slots: 0x000001821cd36200 points into unknown readable memory: 0xe00000000000001c | 1c 00 00 00 00 00 00 e0
stack at sp + 7 slots: 0x000000000000000f is an unknown value


---------------  P R O C E S S  ---------------

Threads class SMR info:
_java_thread_list=0x000001822034cf40, length=39, elements={
0x0000018201fc9000, 0x000001821c02d000, 0x000001821c02e800, 0x000001821c04f800,
0x000001821c051000, 0x000001821c052000, 0x000001821c056800, 0x000001821c05a000,
0x000001821c066800, 0x000001821cb42000, 0x000001821dd22800, 0x000001821ea3a000,
0x000001821f420800, 0x000001821e2c2800, 0x000001821de71800, 0x000001821e505000,
0x000001821e505800, 0x000001821ea36800, 0x000001821f095000, 0x000001821deb1800,
0x000001821f2d5800, 0x000001821f2d1800, 0x000001821f2d2000, 0x000001821f2d3000,
0x000001821f2d4800, 0x000001821f2d0800, 0x000001821f2cf800, 0x000001821f2d4000,
0x000001821f2d6000, 0x0000018220124800, 0x0000018220129000, 0x0000018220269800,
0x0000018220126800, 0x0000018220128000, 0x0000018220129800, 0x0000018220124000,
0x0000018220127000, 0x000001822012a800, 0x000001822012b800
}

Java Threads: ( => current thread )
  0x0000018201fc9000 JavaThread "main" [_thread_blocked, id=13412, stack(0x0000000beb400000,0x0000000beb500000)]
  0x000001821c02d000 JavaThread "Reference Handler" daemon [_thread_blocked, id=15872, stack(0x0000000bebb00000,0x0000000bebc00000)]
  0x000001821c02e800 JavaThread "Finalizer" daemon [_thread_blocked, id=13240, stack(0x0000000bebc00000,0x0000000bebd00000)]
  0x000001821c04f800 JavaThread "Signal Dispatcher" daemon [_thread_blocked, id=13108, stack(0x0000000bebd00000,0x0000000bebe00000)]
  0x000001821c051000 JavaThread "Attach Listener" daemon [_thread_blocked, id=2868, stack(0x0000000bebe00000,0x0000000bebf00000)]
  0x000001821c052000 JavaThread "Service Thread" daemon [_thread_blocked, id=6856, stack(0x0000000bebf00000,0x0000000bec000000)]
=>0x000001821c056800 JavaThread "C2 CompilerThread0" daemon [_thread_in_native, id=2808, stack(0x0000000bec000000,0x0000000bec100000)]
  0x000001821c05a000 JavaThread "C1 CompilerThread0" daemon [_thread_in_native, id=18268, stack(0x0000000bec100000,0x0000000bec200000)]
  0x000001821c066800 JavaThread "Sweeper thread" daemon [_thread_blocked, id=4148, stack(0x0000000bec200000,0x0000000bec300000)]
  0x000001821cb42000 JavaThread "Common-Cleaner" daemon [_thread_blocked, id=17880, stack(0x0000000bec300000,0x0000000bec400000)]
  0x000001821dd22800 JavaThread "Daemon health stats" [_thread_blocked, id=12488, stack(0x0000000bec700000,0x0000000bec800000)]
  0x000001821ea3a000 JavaThread "Incoming local TCP Connector on port 53571" [_thread_in_native, id=17648, stack(0x0000000bec500000,0x0000000bec600000)]
  0x000001821f420800 JavaThread "Daemon periodic checks" [_thread_blocked, id=3628, stack(0x0000000bec800000,0x0000000bec900000)]
  0x000001821e2c2800 JavaThread "Daemon" [_thread_blocked, id=17632, stack(0x0000000bec900000,0x0000000beca00000)]
  0x000001821de71800 JavaThread "Handler for socket connection from /127.0.0.1:53571 to /127.0.0.1:53572" [_thread_in_native, id=13032, stack(0x0000000beca00000,0x0000000becb00000)]
  0x000001821e505000 JavaThread "Cancel handler" [_thread_blocked, id=14388, stack(0x0000000becb00000,0x0000000becc00000)]
  0x000001821e505800 JavaThread "Daemon worker" [_thread_in_Java, id=17752, stack(0x0000000becc00000,0x0000000becd00000)]
  0x000001821ea36800 JavaThread "Asynchronous log dispatcher for DefaultDaemonConnection: socket connection from /127.0.0.1:53571 to /127.0.0.1:53572" [_thread_blocked, id=4928, stack(0x0000000becd00000,0x0000000bece00000)]
  0x000001821f095000 JavaThread "Stdin handler" [_thread_blocked, id=10804, stack(0x0000000bece00000,0x0000000becf00000)]
  0x000001821deb1800 JavaThread "Daemon client event forwarder" [_thread_blocked, id=3852, stack(0x0000000becf00000,0x0000000bed000000)]
  0x000001821f2d5800 JavaThread "Cache worker for journal cache (C:\Users\Honor\.gradle\caches\journal-1)" [_thread_blocked, id=8768, stack(0x0000000bed400000,0x0000000bed500000)]
  0x000001821f2d1800 JavaThread "File lock request listener" [_thread_in_native, id=20208, stack(0x0000000bed500000,0x0000000bed600000)]
  0x000001821f2d2000 JavaThread "Cache worker for file hash cache (C:\Users\Honor\.gradle\caches\7.5\fileHashes)" [_thread_blocked, id=15472, stack(0x0000000bed700000,0x0000000bed800000)]
  0x000001821f2d3000 JavaThread "File watcher server" daemon [_thread_in_native, id=9072, stack(0x0000000bed900000,0x0000000beda00000)]
  0x000001821f2d4800 JavaThread "File watcher consumer" daemon [_thread_blocked, id=14488, stack(0x0000000beda00000,0x0000000bedb00000)]
  0x000001821f2d0800 JavaThread "jar transforms" [_thread_blocked, id=1532, stack(0x0000000bedb00000,0x0000000bedc00000)]
  0x000001821f2cf800 JavaThread "jar transforms Thread 2" [_thread_blocked, id=6492, stack(0x0000000bedc00000,0x0000000bedd00000)]
  0x000001821f2d4000 JavaThread "jar transforms Thread 3" [_thread_blocked, id=3008, stack(0x0000000bedd00000,0x0000000bede00000)]
  0x000001821f2d6000 JavaThread "jar transforms Thread 4" [_thread_blocked, id=17372, stack(0x0000000bede00000,0x0000000bedf00000)]
  0x0000018220124800 JavaThread "jar transforms Thread 5" [_thread_blocked, id=764, stack(0x0000000bedf00000,0x0000000bee000000)]
  0x0000018220129000 JavaThread "jar transforms Thread 6" [_thread_blocked, id=6480, stack(0x0000000bee000000,0x0000000bee100000)]
  0x0000018220269800 JavaThread "C2 CompilerThread1" daemon [_thread_in_vm, id=17984, stack(0x0000000bed800000,0x0000000bed900000)]
  0x0000018220126800 JavaThread "Cache worker for checksums cache (D:\MobileDeveloperTRUE\Android\MireaProject\.gradle\7.5\checksums)" [_thread_blocked, id=15680, stack(0x0000000bee100000,0x0000000bee200000)]
  0x0000018220128000 JavaThread "Cache worker for cache directory md-rule (C:\Users\Honor\.gradle\caches\7.5\md-rule)" [_thread_blocked, id=7956, stack(0x0000000bee200000,0x0000000bee300000)]
  0x0000018220129800 JavaThread "Cache worker for file content cache (C:\Users\Honor\.gradle\caches\7.5\fileContent)" [_thread_blocked, id=16572, stack(0x0000000bee300000,0x0000000bee400000)]
  0x0000018220124000 JavaThread "File lock release action executor" [_thread_blocked, id=4252, stack(0x0000000bee400000,0x0000000bee500000)]
  0x0000018220127000 JavaThread "Cache worker for file hash cache (D:\MobileDeveloperTRUE\Android\MireaProject\.gradle\7.5\fileHashes)" [_thread_blocked, id=12436, stack(0x0000000bee500000,0x0000000bee600000)]
  0x000001822012a800 JavaThread "Cache worker for cache directory md-supplier (C:\Users\Honor\.gradle\caches\7.5\md-supplier)" [_thread_blocked, id=1244, stack(0x0000000bee600000,0x0000000bee700000)]
  0x000001822012b800 JavaThread "Cache worker for execution history cache (C:\Users\Honor\.gradle\caches\7.5\executionHistory)" [_thread_blocked, id=14512, stack(0x0000000bee700000,0x0000000bee800000)]

Other Threads:
  0x000001821c02b000 VMThread "VM Thread" [stack: 0x0000000beba00000,0x0000000bebb00000] [id=2648]
  0x000001821cb87800 WatcherThread [stack: 0x0000000bec400000,0x0000000bec500000] [id=12768]
  0x0000018201fde000 GCTaskThread "GC Thread#0" [stack: 0x0000000beb500000,0x0000000beb600000] [id=8172]
  0x000001821d020800 GCTaskThread "GC Thread#1" [stack: 0x0000000bec600000,0x0000000bec700000] [id=12680]
  0x000001821ed1d800 GCTaskThread "GC Thread#2" [stack: 0x0000000bed000000,0x0000000bed100000] [id=17904]
  0x000001821e0d0800 GCTaskThread "GC Thread#3" [stack: 0x0000000bed100000,0x0000000bed200000] [id=5308]
  0x000001821f0a8000 GCTaskThread "GC Thread#4" [stack: 0x0000000bed200000,0x0000000bed300000] [id=3052]
  0x000001821f0a8800 GCTaskThread "GC Thread#5" [stack: 0x0000000bed300000,0x0000000bed400000] [id=11084]
  0x000001820200c800 ConcurrentGCThread "G1 Main Marker" [stack: 0x0000000beb600000,0x0000000beb700000] [id=1804]
  0x000001820200e000 ConcurrentGCThread "G1 Conc#0" [stack: 0x0000000beb700000,0x0000000beb800000] [id=15332]
  0x000001821de64000 ConcurrentGCThread "G1 Conc#1" [stack: 0x0000000bed600000,0x0000000bed700000] [id=15728]
  0x0000018202096000 ConcurrentGCThread "G1 Refine#0" [stack: 0x0000000beb800000,0x0000000beb900000] [id=7000]
  0x0000018202097000 ConcurrentGCThread "G1 Young RemSet Sampling" [stack: 0x0000000beb900000,0x0000000beba00000] [id=17812]

Threads with active compile tasks:
C2 CompilerThread0     6406 3156       4       java.lang.invoke.MethodType::makeImpl (108 bytes)
C2 CompilerThread1     6406 3499       4       jdk.internal.jimage.ImageLocation::getAttributeString (54 bytes)

VM state:not at safepoint (normal execution)

VM Mutex/Monitor currently owned by a thread: None

Heap address: 0x0000000080000000, size: 2048 MB, Compressed Oops mode: 32-bit
Narrow klass base: 0x0000000000000000, Narrow klass shift: 3
Compressed class space size: 1073741824 Address: 0x0000000100000000

Heap:
 garbage-first heap   total 145408K, used 63334K [0x0000000080000000, 0x0000000100000000)
  region size 1024K, 31 young (31744K), 6 survivors (6144K)
 Metaspace       used 39828K, capacity 40903K, committed 41040K, reserved 1085440K
  class space    used 5147K, capacity 5550K, committed 5632K, reserved 1048576K
Heap Regions: E=young(eden), S=young(survivor), O=old, HS=humongous(starts), HC=humongous(continues), CS=collection set, F=free, A=archive, TAMS=top-at-mark-start (previous, next)
|   0|0x0000000080000000, 0x0000000080100000, 0x0000000080100000|100%| O|  |TAMS 0x0000000080100000, 0x0000000080000000| Untracked 
|   1|0x0000000080100000, 0x0000000080200000, 0x0000000080200000|100%| O|  |TAMS 0x0000000080200000, 0x0000000080100000| Untracked 
|   2|0x0000000080200000, 0x0000000080300000, 0x0000000080300000|100%| O|  |TAMS 0x0000000080300000, 0x0000000080200000| Untracked 
|   3|0x0000000080300000, 0x0000000080400000, 0x0000000080400000|100%|HS|  |TAMS 0x0000000080400000, 0x0000000080300000| Complete 
|   4|0x0000000080400000, 0x0000000080500000, 0x0000000080500000|100%|HC|  |TAMS 0x0000000080500000, 0x0000000080400000| Complete 
|   5|0x0000000080500000, 0x0000000080600000, 0x0000000080600000|100%|HC|  |TAMS 0x0000000080600000, 0x0000000080500000| Complete 
|   6|0x0000000080600000, 0x0000000080700000, 0x0000000080700000|100%| O|  |TAMS 0x0000000080700000, 0x0000000080600000| Untracked 
|   7|0x0000000080700000, 0x0000000080800000, 0x0000000080800000|100%| O|  |TAMS 0x0000000080800000, 0x0000000080700000| Untracked 
|   8|0x0000000080800000, 0x0000000080900000, 0x0000000080900000|100%| O|  |TAMS 0x0000000080900000, 0x0000000080800000| Untracked 
|   9|0x0000000080900000, 0x0000000080a00000, 0x0000000080a00000|100%| O|  |TAMS 0x0000000080a00000, 0x0000000080900000| Untracked 
|  10|0x0000000080a00000, 0x0000000080b00000, 0x0000000080b00000|100%| O|  |TAMS 0x0000000080b00000, 0x0000000080a00000| Untracked 
|  11|0x0000000080b00000, 0x0000000080c00000, 0x0000000080c00000|100%| O|  |TAMS 0x0000000080c00000, 0x0000000080b00000| Untracked 
|  12|0x0000000080c00000, 0x0000000080d00000, 0x0000000080d00000|100%| O|  |TAMS 0x0000000080d00000, 0x0000000080c00000| Untracked 
|  13|0x0000000080d00000, 0x0000000080e00000, 0x0000000080e00000|100%| O|  |TAMS 0x0000000080e00000, 0x0000000080d00000| Untracked 
|  14|0x0000000080e00000, 0x0000000080f00000, 0x0000000080f00000|100%| O|  |TAMS 0x0000000080f00000, 0x0000000080e00000| Untracked 
|  15|0x0000000080f00000, 0x0000000081000000, 0x0000000081000000|100%| O|  |TAMS 0x0000000081000000, 0x0000000080f00000| Untracked 
|  16|0x0000000081000000, 0x0000000081100000, 0x0000000081100000|100%|HS|  |TAMS 0x0000000081100000, 0x0000000081000000| Complete 
|  17|0x0000000081100000, 0x0000000081200000, 0x0000000081200000|100%|HC|  |TAMS 0x0000000081200000, 0x0000000081100000| Complete 
|  18|0x0000000081200000, 0x0000000081300000, 0x0000000081300000|100%|HS|  |TAMS 0x0000000081300000, 0x0000000081200000| Complete 
|  19|0x0000000081300000, 0x0000000081400000, 0x0000000081400000|100%|HC|  |TAMS 0x0000000081400000, 0x0000000081300000| Complete 
|  20|0x0000000081400000, 0x0000000081500000, 0x0000000081500000|100%|HC|  |TAMS 0x0000000081500000, 0x0000000081400000| Complete 
|  21|0x0000000081500000, 0x0000000081600000, 0x0000000081600000|100%|HS|  |TAMS 0x0000000081600000, 0x0000000081500000| Complete 
|  22|0x0000000081600000, 0x0000000081700000, 0x0000000081700000|100%|HC|  |TAMS 0x0000000081700000, 0x0000000081600000| Complete 
|  23|0x0000000081700000, 0x0000000081800000, 0x0000000081800000|100%|HC|  |TAMS 0x0000000081800000, 0x0000000081700000| Complete 
|  24|0x0000000081800000, 0x0000000081900000, 0x0000000081900000|100%|HS|  |TAMS 0x0000000081900000, 0x0000000081800000| Complete 
|  25|0x0000000081900000, 0x0000000081a00000, 0x0000000081a00000|100%|HC|  |TAMS 0x0000000081a00000, 0x0000000081900000| Complete 
|  26|0x0000000081a00000, 0x0000000081b00000, 0x0000000081b00000|100%|HS|  |TAMS 0x0000000081b00000, 0x0000000081a00000| Complete 
|  27|0x0000000081b00000, 0x0000000081c00000, 0x0000000081c00000|100%|HC|  |TAMS 0x0000000081c00000, 0x0000000081b00000| Complete 
|  28|0x0000000081c00000, 0x0000000081d00000, 0x0000000081d00000|100%|HC|  |TAMS 0x0000000081d00000, 0x0000000081c00000| Complete 
|  29|0x0000000081d00000, 0x0000000081e00000, 0x0000000081e00000|100%|HC|  |TAMS 0x0000000081e00000, 0x0000000081d00000| Complete 
|  30|0x0000000081e00000, 0x0000000081f00000, 0x0000000081f00000|100%|HC|  |TAMS 0x0000000081f00000, 0x0000000081e00000| Complete 
|  31|0x0000000081f00000, 0x0000000082000000, 0x0000000082000000|100%| O|  |TAMS 0x0000000082000000, 0x0000000081f00000| Untracked 
|  32|0x0000000082000000, 0x0000000082100000, 0x0000000082100000|100%| O|  |TAMS 0x0000000082100000, 0x0000000082000000| Untracked 
|  33|0x0000000082100000, 0x0000000082190000, 0x0000000082200000| 56%| O|  |TAMS 0x0000000082190000, 0x0000000082100000| Untracked 
|  34|0x0000000082200000, 0x0000000082200000, 0x0000000082300000|  0%| F|  |TAMS 0x0000000082200000, 0x0000000082200000| Untracked 
|  35|0x0000000082300000, 0x0000000082300000, 0x0000000082400000|  0%| F|  |TAMS 0x0000000082300000, 0x0000000082300000| Untracked 
|  36|0x0000000082400000, 0x0000000082400000, 0x0000000082500000|  0%| F|  |TAMS 0x0000000082400000, 0x0000000082400000| Untracked 
|  37|0x0000000082500000, 0x0000000082500000, 0x0000000082600000|  0%| F|  |TAMS 0x0000000082500000, 0x0000000082500000| Untracked 
|  38|0x0000000082600000, 0x0000000082600000, 0x0000000082700000|  0%| F|  |TAMS 0x0000000082600000, 0x0000000082600000| Untracked 
|  39|0x0000000082700000, 0x0000000082700000, 0x0000000082800000|  0%| F|  |TAMS 0x0000000082700000, 0x0000000082700000| Untracked 
|  40|0x0000000082800000, 0x0000000082800000, 0x0000000082900000|  0%| F|  |TAMS 0x0000000082800000, 0x0000000082800000| Untracked 
|  41|0x0000000082900000, 0x0000000082900000, 0x0000000082a00000|  0%| F|  |TAMS 0x0000000082900000, 0x0000000082900000| Untracked 
|  42|0x0000000082a00000, 0x0000000082a00000, 0x0000000082b00000|  0%| F|  |TAMS 0x0000000082a00000, 0x0000000082a00000| Untracked 
|  43|0x0000000082b00000, 0x0000000082b00000, 0x0000000082c00000|  0%| F|  |TAMS 0x0000000082b00000, 0x0000000082b00000| Untracked 
|  44|0x0000000082c00000, 0x0000000082c00000, 0x0000000082d00000|  0%| F|  |TAMS 0x0000000082c00000, 0x0000000082c00000| Untracked 
|  45|0x0000000082d00000, 0x0000000082d00000, 0x0000000082e00000|  0%| F|  |TAMS 0x0000000082d00000, 0x0000000082d00000| Untracked 
|  46|0x0000000082e00000, 0x0000000082e00000, 0x0000000082f00000|  0%| F|  |TAMS 0x0000000082e00000, 0x0000000082e00000| Untracked 
|  47|0x0000000082f00000, 0x0000000082f00000, 0x0000000083000000|  0%| F|  |TAMS 0x0000000082f00000, 0x0000000082f00000| Untracked 
|  48|0x0000000083000000, 0x0000000083000000, 0x0000000083100000|  0%| F|  |TAMS 0x0000000083000000, 0x0000000083000000| Untracked 
|  49|0x0000000083100000, 0x0000000083100000, 0x0000000083200000|  0%| F|  |TAMS 0x0000000083100000, 0x0000000083100000| Untracked 
|  50|0x0000000083200000, 0x0000000083200000, 0x0000000083300000|  0%| F|  |TAMS 0x0000000083200000, 0x0000000083200000| Untracked 
|  51|0x0000000083300000, 0x0000000083300000, 0x0000000083400000|  0%| F|  |TAMS 0x0000000083300000, 0x0000000083300000| Untracked 
|  52|0x0000000083400000, 0x0000000083400000, 0x0000000083500000|  0%| F|  |TAMS 0x0000000083400000, 0x0000000083400000| Untracked 
|  53|0x0000000083500000, 0x0000000083500000, 0x0000000083600000|  0%| F|  |TAMS 0x0000000083500000, 0x0000000083500000| Untracked 
|  54|0x0000000083600000, 0x0000000083600000, 0x0000000083700000|  0%| F|  |TAMS 0x0000000083600000, 0x0000000083600000| Untracked 
|  55|0x0000000083700000, 0x0000000083700000, 0x0000000083800000|  0%| F|  |TAMS 0x0000000083700000, 0x0000000083700000| Untracked 
|  56|0x0000000083800000, 0x0000000083800000, 0x0000000083900000|  0%| F|  |TAMS 0x0000000083800000, 0x0000000083800000| Untracked 
|  57|0x0000000083900000, 0x0000000083900000, 0x0000000083a00000|  0%| F|  |TAMS 0x0000000083900000, 0x0000000083900000| Untracked 
|  58|0x0000000083a00000, 0x0000000083a00000, 0x0000000083b00000|  0%| F|  |TAMS 0x0000000083a00000, 0x0000000083a00000| Untracked 
|  59|0x0000000083b00000, 0x0000000083b00000, 0x0000000083c00000|  0%| F|  |TAMS 0x0000000083b00000, 0x0000000083b00000| Untracked 
|  60|0x0000000083c00000, 0x0000000083c00000, 0x0000000083d00000|  0%| F|  |TAMS 0x0000000083c00000, 0x0000000083c00000| Untracked 
|  61|0x0000000083d00000, 0x0000000083d00000, 0x0000000083e00000|  0%| F|  |TAMS 0x0000000083d00000, 0x0000000083d00000| Untracked 
|  62|0x0000000083e00000, 0x0000000083e00000, 0x0000000083f00000|  0%| F|  |TAMS 0x0000000083e00000, 0x0000000083e00000| Untracked 
|  63|0x0000000083f00000, 0x0000000083f00000, 0x0000000084000000|  0%| F|  |TAMS 0x0000000083f00000, 0x0000000083f00000| Untracked 
|  64|0x0000000084000000, 0x0000000084000000, 0x0000000084100000|  0%| F|  |TAMS 0x0000000084000000, 0x0000000084000000| Untracked 
|  65|0x0000000084100000, 0x0000000084100000, 0x0000000084200000|  0%| F|  |TAMS 0x0000000084100000, 0x0000000084100000| Untracked 
|  66|0x0000000084200000, 0x0000000084200000, 0x0000000084300000|  0%| F|  |TAMS 0x0000000084200000, 0x0000000084200000| Untracked 
|  67|0x0000000084300000, 0x0000000084300000, 0x0000000084400000|  0%| F|  |TAMS 0x0000000084300000, 0x0000000084300000| Untracked 
|  68|0x0000000084400000, 0x0000000084400000, 0x0000000084500000|  0%| F|  |TAMS 0x0000000084400000, 0x0000000084400000| Untracked 
|  69|0x0000000084500000, 0x0000000084500000, 0x0000000084600000|  0%| F|  |TAMS 0x0000000084500000, 0x0000000084500000| Untracked 
|  70|0x0000000084600000, 0x0000000084600000, 0x0000000084700000|  0%| F|  |TAMS 0x0000000084600000, 0x0000000084600000| Untracked 
|  71|0x0000000084700000, 0x0000000084700000, 0x0000000084800000|  0%| F|  |TAMS 0x0000000084700000, 0x0000000084700000| Untracked 
|  72|0x0000000084800000, 0x0000000084800000, 0x0000000084900000|  0%| F|  |TAMS 0x0000000084800000, 0x0000000084800000| Untracked 
|  73|0x0000000084900000, 0x0000000084900000, 0x0000000084a00000|  0%| F|  |TAMS 0x0000000084900000, 0x0000000084900000| Untracked 
|  74|0x0000000084a00000, 0x0000000084a00000, 0x0000000084b00000|  0%| F|  |TAMS 0x0000000084a00000, 0x0000000084a00000| Untracked 
|  75|0x0000000084b00000, 0x0000000084b00000, 0x0000000084c00000|  0%| F|  |TAMS 0x0000000084b00000, 0x0000000084b00000| Untracked 
|  76|0x0000000084c00000, 0x0000000084c00000, 0x0000000084d00000|  0%| F|  |TAMS 0x0000000084c00000, 0x0000000084c00000| Untracked 
|  77|0x0000000084d00000, 0x0000000084d00000, 0x0000000084e00000|  0%| F|  |TAMS 0x0000000084d00000, 0x0000000084d00000| Untracked 
|  78|0x0000000084e00000, 0x0000000084e00000, 0x0000000084f00000|  0%| F|  |TAMS 0x0000000084e00000, 0x0000000084e00000| Untracked 
|  79|0x0000000084f00000, 0x0000000084f00000, 0x0000000085000000|  0%| F|  |TAMS 0x0000000084f00000, 0x0000000084f00000| Untracked 
|  80|0x0000000085000000, 0x0000000085000000, 0x0000000085100000|  0%| F|  |TAMS 0x0000000085000000, 0x0000000085000000| Untracked 
|  81|0x0000000085100000, 0x0000000085100000, 0x0000000085200000|  0%| F|  |TAMS 0x0000000085100000, 0x0000000085100000| Untracked 
|  82|0x0000000085200000, 0x0000000085200000, 0x0000000085300000|  0%| F|  |TAMS 0x0000000085200000, 0x0000000085200000| Untracked 
|  83|0x0000000085300000, 0x0000000085300000, 0x0000000085400000|  0%| F|  |TAMS 0x0000000085300000, 0x0000000085300000| Untracked 
|  84|0x0000000085400000, 0x0000000085400000, 0x0000000085500000|  0%| F|  |TAMS 0x0000000085400000, 0x0000000085400000| Untracked 
|  85|0x0000000085500000, 0x0000000085500000, 0x0000000085600000|  0%| F|  |TAMS 0x0000000085500000, 0x0000000085500000| Untracked 
|  86|0x0000000085600000, 0x0000000085600000, 0x0000000085700000|  0%| F|  |TAMS 0x0000000085600000, 0x0000000085600000| Untracked 
|  87|0x0000000085700000, 0x0000000085700000, 0x0000000085800000|  0%| F|  |TAMS 0x0000000085700000, 0x0000000085700000| Untracked 
|  88|0x0000000085800000, 0x0000000085800000, 0x0000000085900000|  0%| F|  |TAMS 0x0000000085800000, 0x0000000085800000| Untracked 
|  89|0x0000000085900000, 0x0000000085900000, 0x0000000085a00000|  0%| F|  |TAMS 0x0000000085900000, 0x0000000085900000| Untracked 
|  90|0x0000000085a00000, 0x0000000085a00000, 0x0000000085b00000|  0%| F|  |TAMS 0x0000000085a00000, 0x0000000085a00000| Untracked 
|  91|0x0000000085b00000, 0x0000000085b00000, 0x0000000085c00000|  0%| F|  |TAMS 0x0000000085b00000, 0x0000000085b00000| Untracked 
|  92|0x0000000085c00000, 0x0000000085c00000, 0x0000000085d00000|  0%| F|  |TAMS 0x0000000085c00000, 0x0000000085c00000| Untracked 
|  93|0x0000000085d00000, 0x0000000085d00000, 0x0000000085e00000|  0%| F|  |TAMS 0x0000000085d00000, 0x0000000085d00000| Untracked 
|  94|0x0000000085e00000, 0x0000000085e00000, 0x0000000085f00000|  0%| F|  |TAMS 0x0000000085e00000, 0x0000000085e00000| Untracked 
|  95|0x0000000085f00000, 0x0000000085f00000, 0x0000000086000000|  0%| F|  |TAMS 0x0000000085f00000, 0x0000000085f00000| Untracked 
|  96|0x0000000086000000, 0x0000000086000000, 0x0000000086100000|  0%| F|  |TAMS 0x0000000086000000, 0x0000000086000000| Untracked 
|  97|0x0000000086100000, 0x0000000086100000, 0x0000000086200000|  0%| F|  |TAMS 0x0000000086100000, 0x0000000086100000| Untracked 
|  98|0x0000000086200000, 0x0000000086200000, 0x0000000086300000|  0%| F|  |TAMS 0x0000000086200000, 0x0000000086200000| Untracked 
|  99|0x0000000086300000, 0x0000000086300000, 0x0000000086400000|  0%| F|  |TAMS 0x0000000086300000, 0x0000000086300000| Untracked 
| 100|0x0000000086400000, 0x0000000086400000, 0x0000000086500000|  0%| F|  |TAMS 0x0000000086400000, 0x0000000086400000| Untracked 
| 101|0x0000000086500000, 0x0000000086500000, 0x0000000086600000|  0%| F|  |TAMS 0x0000000086500000, 0x0000000086500000| Untracked 
| 102|0x0000000086600000, 0x0000000086600000, 0x0000000086700000|  0%| F|  |TAMS 0x0000000086600000, 0x0000000086600000| Untracked 
| 103|0x0000000086700000, 0x0000000086700000, 0x0000000086800000|  0%| F|  |TAMS 0x0000000086700000, 0x0000000086700000| Untracked 
| 104|0x0000000086800000, 0x0000000086800000, 0x0000000086900000|  0%| F|  |TAMS 0x0000000086800000, 0x0000000086800000| Untracked 
| 105|0x0000000086900000, 0x0000000086900000, 0x0000000086a00000|  0%| F|  |TAMS 0x0000000086900000, 0x0000000086900000| Untracked 
| 106|0x0000000086a00000, 0x0000000086a00000, 0x0000000086b00000|  0%| F|  |TAMS 0x0000000086a00000, 0x0000000086a00000| Untracked 
| 107|0x0000000086b00000, 0x0000000086b00000, 0x0000000086c00000|  0%| F|  |TAMS 0x0000000086b00000, 0x0000000086b00000| Untracked 
| 108|0x0000000086c00000, 0x0000000086c00000, 0x0000000086d00000|  0%| F|  |TAMS 0x0000000086c00000, 0x0000000086c00000| Untracked 
| 109|0x0000000086d00000, 0x0000000086d00000, 0x0000000086e00000|  0%| F|  |TAMS 0x0000000086d00000, 0x0000000086d00000| Untracked 
| 110|0x0000000086e00000, 0x0000000086f00000, 0x0000000086f00000|100%| E|  |TAMS 0x0000000086e00000, 0x0000000086e00000| Complete 
| 111|0x0000000086f00000, 0x0000000087000000, 0x0000000087000000|100%| E|CS|TAMS 0x0000000086f00000, 0x0000000086f00000| Complete 
| 112|0x0000000087000000, 0x0000000087100000, 0x0000000087100000|100%| E|CS|TAMS 0x0000000087000000, 0x0000000087000000| Complete 
| 113|0x0000000087100000, 0x0000000087200000, 0x0000000087200000|100%| E|CS|TAMS 0x0000000087100000, 0x0000000087100000| Complete 
| 114|0x0000000087200000, 0x0000000087249ae0, 0x0000000087300000| 28%| S|CS|TAMS 0x0000000087200000, 0x0000000087200000| Complete 
| 115|0x0000000087300000, 0x0000000087400000, 0x0000000087400000|100%| S|CS|TAMS 0x0000000087300000, 0x0000000087300000| Complete 
| 116|0x0000000087400000, 0x0000000087500000, 0x0000000087500000|100%| S|CS|TAMS 0x0000000087400000, 0x0000000087400000| Complete 
| 117|0x0000000087500000, 0x0000000087600000, 0x0000000087600000|100%| S|CS|TAMS 0x0000000087500000, 0x0000000087500000| Complete 
| 118|0x0000000087600000, 0x0000000087700000, 0x0000000087700000|100%| S|CS|TAMS 0x0000000087600000, 0x0000000087600000| Complete 
| 119|0x0000000087700000, 0x0000000087800000, 0x0000000087800000|100%| S|CS|TAMS 0x0000000087700000, 0x0000000087700000| Complete 
| 120|0x0000000087800000, 0x0000000087900000, 0x0000000087900000|100%| E|CS|TAMS 0x0000000087800000, 0x0000000087800000| Complete 
| 121|0x0000000087900000, 0x0000000087a00000, 0x0000000087a00000|100%| E|CS|TAMS 0x0000000087900000, 0x0000000087900000| Complete 
| 122|0x0000000087a00000, 0x0000000087b00000, 0x0000000087b00000|100%| E|CS|TAMS 0x0000000087a00000, 0x0000000087a00000| Complete 
| 123|0x0000000087b00000, 0x0000000087c00000, 0x0000000087c00000|100%| E|CS|TAMS 0x0000000087b00000, 0x0000000087b00000| Complete 
| 124|0x0000000087c00000, 0x0000000087d00000, 0x0000000087d00000|100%| E|CS|TAMS 0x0000000087c00000, 0x0000000087c00000| Complete 
| 125|0x0000000087d00000, 0x0000000087e00000, 0x0000000087e00000|100%| E|CS|TAMS 0x0000000087d00000, 0x0000000087d00000| Complete 
| 126|0x0000000087e00000, 0x0000000087f00000, 0x0000000087f00000|100%| E|CS|TAMS 0x0000000087e00000, 0x0000000087e00000| Complete 
| 127|0x0000000087f00000, 0x0000000088000000, 0x0000000088000000|100%| E|CS|TAMS 0x0000000087f00000, 0x0000000087f00000| Complete 
| 128|0x0000000088000000, 0x0000000088100000, 0x0000000088100000|100%| E|CS|TAMS 0x0000000088000000, 0x0000000088000000| Complete 
| 129|0x0000000088100000, 0x0000000088200000, 0x0000000088200000|100%| E|  |TAMS 0x0000000088100000, 0x0000000088100000| Complete 
| 130|0x0000000088200000, 0x0000000088300000, 0x0000000088300000|100%| E|CS|TAMS 0x0000000088200000, 0x0000000088200000| Complete 
| 131|0x0000000088300000, 0x0000000088400000, 0x0000000088400000|100%| E|CS|TAMS 0x0000000088300000, 0x0000000088300000| Complete 
| 132|0x0000000088400000, 0x0000000088500000, 0x0000000088500000|100%| E|CS|TAMS 0x0000000088400000, 0x0000000088400000| Complete 
| 133|0x0000000088500000, 0x0000000088600000, 0x0000000088600000|100%| E|CS|TAMS 0x0000000088500000, 0x0000000088500000| Complete 
| 134|0x0000000088600000, 0x0000000088700000, 0x0000000088700000|100%| E|CS|TAMS 0x0000000088600000, 0x0000000088600000| Complete 
| 135|0x0000000088700000, 0x0000000088800000, 0x0000000088800000|100%| E|CS|TAMS 0x0000000088700000, 0x0000000088700000| Complete 
| 136|0x0000000088800000, 0x0000000088900000, 0x0000000088900000|100%| E|CS|TAMS 0x0000000088800000, 0x0000000088800000| Complete 
| 137|0x0000000088900000, 0x0000000088a00000, 0x0000000088a00000|100%| E|CS|TAMS 0x0000000088900000, 0x0000000088900000| Complete 
| 138|0x0000000088a00000, 0x0000000088b00000, 0x0000000088b00000|100%| E|CS|TAMS 0x0000000088a00000, 0x0000000088a00000| Complete 
| 139|0x0000000088b00000, 0x0000000088c00000, 0x0000000088c00000|100%| E|CS|TAMS 0x0000000088b00000, 0x0000000088b00000| Complete 
| 140|0x0000000088c00000, 0x0000000088d00000, 0x0000000088d00000|100%| E|CS|TAMS 0x0000000088c00000, 0x0000000088c00000| Complete 
| 141|0x0000000088d00000, 0x0000000088e00000, 0x0000000088e00000|100%| E|CS|TAMS 0x0000000088d00000, 0x0000000088d00000| Complete 

Card table byte_map: [0x0000018215010000,0x0000018215410000] _byte_map_base: 0x0000018214c10000

Marking Bits (Prev, Next): (CMBitMap*) 0x00000182020039c8, (CMBitMap*) 0x0000018202003a00
 Prev Bits: [0x0000018215810000, 0x0000018217810000)
 Next Bits: [0x0000018217810000, 0x0000018219810000)

Polling page: 0x00000182017a0000

Metaspace:

Usage:
  Non-class:     34.52 MB capacity,    33.87 MB ( 98%) used,   567.78 KB (  2%) free+waste,   101.50 KB ( <1%) overhead. 
      Class:      5.42 MB capacity,     5.03 MB ( 93%) used,   352.78 KB (  6%) free+waste,    49.88 KB ( <1%) overhead. 
       Both:     39.94 MB capacity,    38.90 MB ( 97%) used,   920.56 KB (  2%) free+waste,   151.38 KB ( <1%) overhead. 

Virtual space:
  Non-class space:       36.00 MB reserved,      34.58 MB ( 96%) committed 
      Class space:        1.00 GB reserved,       5.50 MB ( <1%) committed 
             Both:        1.04 GB reserved,      40.08 MB (  4%) committed 

Chunk freelists:
   Non-Class:  55.00 KB
       Class:  0 bytes
        Both:  55.00 KB

MaxMetaspaceSize: 17179869184.00 GB
CompressedClassSpaceSize: 1.00 GB
Initial GC threshold: 20.80 MB
Current GC threshold: 58.88 MB
CDS: off

CodeHeap 'non-profiled nmethods': size=120064Kb used=1880Kb max_used=1880Kb free=118183Kb
 bounds [0x000001820d5b0000, 0x000001820d820000, 0x0000018214af0000]
CodeHeap 'profiled nmethods': size=120000Kb used=7352Kb max_used=7352Kb free=112647Kb
 bounds [0x0000018206080000, 0x00000182067b0000, 0x000001820d5b0000]
CodeHeap 'non-nmethods': size=5696Kb used=1581Kb max_used=1596Kb free=4114Kb
 bounds [0x0000018205af0000, 0x0000018205d60000, 0x0000018206080000]
 total_blobs=4122 nmethods=3493 adapters=540
 compilation: enabled
              stopped_count=0, restarted_count=0
 full_count=0

Compilation events (20 events):
Event: 6.369 Thread 0x000001821c05a000 3359       3       java.util.concurrent.TimeUnit::convert (77 bytes)
Event: 6.370 Thread 0x000001821c05a000 nmethod 3359 0x0000018206764810 code [0x0000018206764a20, 0x0000018206764d68]
Event: 6.370 Thread 0x000001821c05a000 3360       3       java.util.regex.Pattern::split (290 bytes)
Event: 6.372 Thread 0x000001821c05a000 nmethod 3360 0x0000018206764f10 code [0x00000182067654c0, 0x0000018206768798]
Event: 6.372 Thread 0x000001821c05a000 3361       3       java.util.concurrent.locks.ReentrantReadWriteLock$Sync::exclusiveCount (5 bytes)
Event: 6.372 Thread 0x000001821c05a000 nmethod 3361 0x0000018206769990 code [0x0000018206769b40, 0x0000018206769c18]
Event: 6.372 Thread 0x000001821c05a000 3362       3       java.util.ArrayDeque::sub (14 bytes)
Event: 6.372 Thread 0x000001821c05a000 nmethod 3362 0x0000018206769c90 code [0x0000018206769e40, 0x0000018206769f58]
Event: 6.372 Thread 0x000001821c05a000 3363       3       jdk.nio.zipfs.ZipFileSystem$IndexNode::as (7 bytes)
Event: 6.372 Thread 0x000001821c05a000 nmethod 3363 0x000001820676a010 code [0x000001820676a1e0, 0x000001820676a3e8]
Event: 6.372 Thread 0x000001821c05a000 3364       3       jdk.nio.zipfs.ZipPath::getResolvedPath (42 bytes)
Event: 6.372 Thread 0x000001821c05a000 nmethod 3364 0x000001820676a510 code [0x000001820676a700, 0x000001820676aac8]
Event: 6.372 Thread 0x000001821c05a000 3365       3       jdk.nio.zipfs.ZipFileSystem::getInode (30 bytes)
Event: 6.372 Thread 0x000001821c05a000 nmethod 3365 0x000001820676ac10 code [0x000001820676ae20, 0x000001820676b518]
Event: 6.372 Thread 0x000001821c05a000 3366       3       org.codehaus.groovy.vmplugin.v9.ClassFinder$1$$Lambda$415/0x0000000100545c40::apply (8 bytes)
Event: 6.373 Thread 0x000001821c05a000 nmethod 3366 0x000001820676b710 code [0x000001820676b940, 0x000001820676bec8]
Event: 6.373 Thread 0x000001821c05a000 3367       3       org.codehaus.groovy.vmplugin.v9.ClassFinder$1::visitFile (182 bytes)
Event: 6.373 Thread 0x000001821c05a000 nmethod 3367 0x000001820676c110 code [0x000001820676c460, 0x000001820676d788]
Event: 6.374 Thread 0x0000018220269800 nmethod 3352 0x000001820d77d310 code [0x000001820d77d500, 0x000001820d77dae8]
Event: 6.374 Thread 0x0000018220269800 3297       4       jdk.nio.zipfs.ZipFileSystem$ParentLookup::equals (34 bytes)

GC Heap History (14 events):
Event: 0.849 GC heap before
{Heap before GC invocations=0 (full 0):
 garbage-first heap   total 120832K, used 27648K [0x0000000080000000, 0x0000000100000000)
  region size 1024K, 22 young (22528K), 0 survivors (0K)
 Metaspace       used 9839K, capacity 10080K, committed 10368K, reserved 1058816K
  class space    used 981K, capacity 1041K, committed 1152K, reserved 1048576K
}
Event: 0.854 GC heap after
{Heap after GC invocations=1 (full 0):
 garbage-first heap   total 120832K, used 9492K [0x0000000080000000, 0x0000000100000000)
  region size 1024K, 3 young (3072K), 3 survivors (3072K)
 Metaspace       used 9839K, capacity 10080K, committed 10368K, reserved 1058816K
  class space    used 981K, capacity 1041K, committed 1152K, reserved 1048576K
}
Event: 1.111 GC heap before
{Heap before GC invocations=1 (full 0):
 garbage-first heap   total 120832K, used 27924K [0x0000000080000000, 0x0000000100000000)
  region size 1024K, 21 young (21504K), 3 survivors (3072K)
 Metaspace       used 11221K, capacity 11456K, committed 11520K, reserved 1058816K
  class space    used 1153K, capacity 1244K, committed 1280K, reserved 1048576K
}
Event: 1.115 GC heap after
{Heap after GC invocations=2 (full 0):
 garbage-first heap   total 120832K, used 10236K [0x0000000080000000, 0x0000000100000000)
  region size 1024K, 1 young (1024K), 1 survivors (1024K)
 Metaspace       used 11221K, capacity 11456K, committed 11520K, reserved 1058816K
  class space    used 1153K, capacity 1244K, committed 1280K, reserved 1048576K
}
Event: 3.005 GC heap before
{Heap before GC invocations=2 (full 0):
 garbage-first heap   total 120832K, used 60412K [0x0000000080000000, 0x0000000100000000)
  region size 1024K, 49 young (50176K), 1 survivors (1024K)
 Metaspace       used 17549K, capacity 18030K, committed 18304K, reserved 1064960K
  class space    used 2003K, capacity 2150K, committed 2176K, reserved 1048576K
}
Event: 3.043 GC heap after
{Heap after GC invocations=3 (full 0):
 garbage-first heap   total 120832K, used 16265K [0x0000000080000000, 0x0000000100000000)
  region size 1024K, 7 young (7168K), 7 survivors (7168K)
 Metaspace       used 17549K, capacity 18030K, committed 18304K, reserved 1064960K
  class space    used 2003K, capacity 2150K, committed 2176K, reserved 1048576K
}
Event: 3.588 GC heap before
{Heap before GC invocations=3 (full 0):
 garbage-first heap   total 120832K, used 43913K [0x0000000080000000, 0x0000000100000000)
  region size 1024K, 35 young (35840K), 7 survivors (7168K)
 Metaspace       used 20693K, capacity 21136K, committed 21296K, reserved 1069056K
  class space    used 2489K, capacity 2635K, committed 2688K, reserved 1048576K
}
Event: 3.596 GC heap after
{Heap after GC invocations=4 (full 0):
 garbage-first heap   total 120832K, used 17508K [0x0000000080000000, 0x0000000100000000)
  region size 1024K, 2 young (2048K), 2 survivors (2048K)
 Metaspace       used 20693K, capacity 21136K, committed 21296K, reserved 1069056K
  class space    used 2489K, capacity 2635K, committed 2688K, reserved 1048576K
}
Event: 4.363 GC heap before
{Heap before GC invocations=5 (full 0):
 garbage-first heap   total 120832K, used 67684K [0x0000000080000000, 0x0000000100000000)
  region size 1024K, 52 young (53248K), 2 survivors (2048K)
 Metaspace       used 25614K, capacity 26190K, committed 26288K, reserved 1073152K
  class space    used 3291K, capacity 3497K, committed 3584K, reserved 1048576K
}
Event: 4.366 GC heap after
{Heap after GC invocations=6 (full 0):
 garbage-first heap   total 145408K, used 19159K [0x0000000080000000, 0x0000000100000000)
  region size 1024K, 3 young (3072K), 3 survivors (3072K)
 Metaspace       used 25614K, capacity 26190K, committed 26288K, reserved 1073152K
  class space    used 3291K, capacity 3497K, committed 3584K, reserved 1048576K
}
Event: 5.538 GC heap before
{Heap before GC invocations=6 (full 0):
 garbage-first heap   total 145408K, used 101079K [0x0000000080000000, 0x0000000100000000)
  region size 1024K, 68 young (69632K), 3 survivors (3072K)
 Metaspace       used 31620K, capacity 32556K, committed 32688K, reserved 1077248K
  class space    used 4240K, capacity 4578K, committed 4608K, reserved 1048576K
}
Event: 5.542 GC heap after
{Heap after GC invocations=7 (full 0):
 garbage-first heap   total 145408K, used 38959K [0x0000000080000000, 0x0000000100000000)
  region size 1024K, 8 young (8192K), 8 survivors (8192K)
 Metaspace       used 31620K, capacity 32556K, committed 32688K, reserved 1077248K
  class space    used 4240K, capacity 4578K, committed 4608K, reserved 1048576K
}
Event: 6.073 GC heap before
{Heap before GC invocations=7 (full 0):
 garbage-first heap   total 145408K, used 60463K [0x0000000080000000, 0x0000000100000000)
  region size 1024K, 30 young (30720K), 8 survivors (8192K)
 Metaspace       used 34778K, capacity 35838K, committed 35920K, reserved 1081344K
  class space    used 4672K, capacity 5075K, committed 5120K, reserved 1048576K
}
Event: 6.081 GC heap after
{Heap after GC invocations=8 (full 0):
 garbage-first heap   total 145408K, used 39782K [0x0000000080000000, 0x0000000100000000)
  region size 1024K, 6 young (6144K), 6 survivors (6144K)
 Metaspace       used 34778K, capacity 35838K, committed 35920K, reserved 1081344K
  class space    used 4672K, capacity 5075K, committed 5120K, reserved 1048576K
}

Deoptimization events (20 events):
Event: 6.304 Thread 0x000001821e505800 Uncommon trap: trap_request=0xffffff4d fr.pc=0x000001820d63c398 relative=0x0000000000001618
Event: 6.304 Thread 0x000001821e505800 Uncommon trap: reason=unstable_if action=reinterpret pc=0x000001820d63c398 method=sun.nio.fs.WindowsPathParser.isSlash(C)Z @ 9 c2
Event: 6.304 Thread 0x000001821e505800 DEOPT PACKING pc=0x000001820d63c398 sp=0x0000000beccf7080
Event: 6.304 Thread 0x000001821e505800 DEOPT UNPACKING pc=0x0000018205b3a1af sp=0x0000000beccf7010 mode 2
Event: 6.304 Thread 0x000001821e505800 Uncommon trap: trap_request=0xffffff4d fr.pc=0x000001820d5ca65c relative=0x000000000000003c
Event: 6.304 Thread 0x000001821e505800 Uncommon trap: reason=unstable_if action=reinterpret pc=0x000001820d5ca65c method=sun.nio.fs.WindowsPathParser.isSlash(C)Z @ 9 c2
Event: 6.304 Thread 0x000001821e505800 DEOPT PACKING pc=0x000001820d5ca65c sp=0x0000000beccf7080
Event: 6.304 Thread 0x000001821e505800 DEOPT UNPACKING pc=0x0000018205b3a1af sp=0x0000000beccf7008 mode 2
Event: 6.312 Thread 0x000001821e505800 Uncommon trap: trap_request=0xffffffc6 fr.pc=0x000001820d7179d4 relative=0x0000000000004ff4
Event: 6.312 Thread 0x000001821e505800 Uncommon trap: reason=bimorphic_or_optimized_type_check action=maybe_recompile pc=0x000001820d7179d4 method=java.net.URL.<init>(Ljava/net/URL;Ljava/lang/String;Ljava/net/URLStreamHandler;)V @ 504 c2
Event: 6.312 Thread 0x000001821e505800 DEOPT PACKING pc=0x000001820d7179d4 sp=0x0000000beccf51e0
Event: 6.312 Thread 0x000001821e505800 DEOPT UNPACKING pc=0x0000018205b3a1af sp=0x0000000beccf5180 mode 2
Event: 6.358 Thread 0x000001821e505800 Uncommon trap: trap_request=0xffffff4d fr.pc=0x000001820d70fc2c relative=0x00000000000005cc
Event: 6.358 Thread 0x000001821e505800 Uncommon trap: reason=unstable_if action=reinterpret pc=0x000001820d70fc2c method=java.lang.StringCoding.decode(Ljava/nio/charset/Charset;[BII)Ljava/lang/StringCoding$Result; @ 4 c2
Event: 6.358 Thread 0x000001821e505800 DEOPT PACKING pc=0x000001820d70fc2c sp=0x0000000beccf6fc0
Event: 6.358 Thread 0x000001821e505800 DEOPT UNPACKING pc=0x0000018205b3a1af sp=0x0000000beccf6f48 mode 2
Event: 6.375 Thread 0x000001821e505800 Uncommon trap: trap_request=0xffffff7e fr.pc=0x000001820d75bef0 relative=0x0000000000000350
Event: 6.375 Thread 0x000001821e505800 Uncommon trap: reason=predicate action=maybe_recompile pc=0x000001820d75bef0 method=java.util.stream.ReferencePipeline.forEachWithCancel(Ljava/util/Spliterator;Ljava/util/stream/Sink;)Z @ 8 c2
Event: 6.375 Thread 0x000001821e505800 DEOPT PACKING pc=0x000001820d75bef0 sp=0x0000000beccf6da0
Event: 6.375 Thread 0x000001821e505800 DEOPT UNPACKING pc=0x0000018205b3a1af sp=0x0000000beccf6d40 mode 2

Classes redefined (0 events):
No events

Internal exceptions (20 events):
Event: 5.443 Thread 0x000001821e505800 Exception <a 'java/lang/NoSuchMethodError'{0x0000000085792580}: 'java.lang.Object java.lang.invoke.Invokers$Holder.linkToTargetMethod(java.lang.Object, java.lang.Object, java.lang.Object, java.lang.Object, java.lang.Object, java.lang.Object, java.lang.Object, java.lang.Object, java.lang.Object, java.lang.Object, java.lang.Object, java.lang.Object)'> (0x0000000085792580) thrown at [src/hotspot/share/interpreter/linkResolver.cpp, line 773]
Event: 5.457 Thread 0x000001821e505800 Exception <a 'java/lang/NoSuchMethodError'{0x000000008567cbe0}: 'java.lang.Object java.lang.invoke.DirectMethodHandle$Holder.invokeStaticInit(java.lang.Object, java.lang.Object, java.lang.Object, java.lang.Object)'> (0x000000008567cbe0) thrown at [src/hotspot/share/interpreter/linkResolver.cpp, line 773]
Event: 5.534 Thread 0x000001821e505800 Exception <a 'java/lang/NoSuchMethodError'{0x0000000084d792b8}: 'java.lang.Object java.lang.invoke.Invokers$Holder.linkToTargetMethod(java.lang.Object, java.lang.Object, java.lang.Object, java.lang.Object, java.lang.Object, java.lang.Object, java.lang.Object, java.lang.Object)'> (0x0000000084d792b8) thrown at [src/hotspot/share/interpreter/linkResolver.cpp, line 773]
Event: 5.543 Thread 0x000001821e505800 Exception <a 'java/lang/IncompatibleClassChangeError'{0x0000000088d0d930}: Found class java.lang.Object, but interface was expected> (0x0000000088d0d930) thrown at [src/hotspot/share/interpreter/linkResolver.cpp, line 839]
Event: 5.850 Thread 0x000001821e505800 Exception <a 'java/lang/NoSuchMethodError'{0x00000000880f2df0}: 'java.lang.Object java.lang.invoke.Invokers$Holder.linkToTargetMethod(java.lang.Object, long, java.lang.Object)'> (0x00000000880f2df0) thrown at [src/hotspot/share/interpreter/linkResolver.cpp, line 773]
Event: 5.859 Thread 0x000001821e505800 Exception <a 'java/lang/NoSuchMethodError'{0x0000000087f64c30}: 'int java.lang.invoke.DirectMethodHandle$Holder.invokeStatic(java.lang.Object, java.lang.Object, java.lang.Object, java.lang.Object, java.lang.Object)'> (0x0000000087f64c30) thrown at [src/hotspot/share/interpreter/linkResolver.cpp, line 773]
Event: 6.029 Thread 0x000001821e505800 Exception <a 'java/lang/NoSuchMethodError'{0x00000000879f0638}: 'void java.lang.invoke.DirectMethodHandle$Holder.invokeStaticInit(java.lang.Object, java.lang.Object, java.lang.Object)'> (0x00000000879f0638) thrown at [src/hotspot/share/interpreter/linkResolver.cpp, line 773]
Event: 6.029 Thread 0x000001821e505800 Exception <a 'java/lang/NoSuchMethodError'{0x00000000879f7b38}: 'void java.lang.invoke.DirectMethodHandle$Holder.invokeStaticInit(java.lang.Object, java.lang.Object, java.lang.Object, java.lang.Object)'> (0x00000000879f7b38) thrown at [src/hotspot/share/interpreter/linkResolver.cpp, line 773]
Event: 6.033 Thread 0x000001821e505800 Exception <a 'java/lang/NoSuchMethodError'{0x000000008781ab88}: 'void java.lang.invoke.DirectMethodHandle$Holder.invokeStaticInit(java.lang.Object, java.lang.Object, java.lang.Object, java.lang.Object, java.lang.Object)'> (0x000000008781ab88) thrown at [src/hotspot/share/interpreter/linkResolver.cpp, line 773]
Event: 6.065 Thread 0x000001821e505800 Exception <a 'java/lang/NoSuchMethodError'{0x0000000087893970}: 'int java.lang.invoke.DirectMethodHandle$Holder.invokeStaticInit(java.lang.Object, java.lang.Object, java.lang.Object, java.lang.Object)'> (0x0000000087893970) thrown at [src/hotspot/share/interpreter/linkResolver.cpp, line 773]
Event: 6.229 Thread 0x000001821e505800 Exception <a 'java/lang/NoSuchMethodError'{0x00000000885f24d0}: 'java.lang.Object java.lang.invoke.DirectMethodHandle$Holder.invokeStatic(java.lang.Object, java.lang.Object, java.lang.Object, java.lang.Object, java.lang.Object, java.lang.Object, java.lang.Object, java.lang.Object, java.lang.Object, java.lang.Object, java.lang.Object, int)'> (0x00000000885f24d0) thrown at [src/hotspot/share/interpreter/linkResolver.cpp, line 773]
Event: 6.230 Thread 0x000001821e505800 Exception <a 'java/lang/NoSuchMethodError'{0x0000000088411898}: 'java.lang.Object java.lang.invoke.DirectMethodHandle$Holder.invokeStatic(java.lang.Object, java.lang.Object, java.lang.Object, java.lang.Object, java.lang.Object, java.lang.Object, java.lang.Object, java.lang.Object, java.lang.Object, java.lang.Object, java.lang.Object, int, int)'> (0x0000000088411898) thrown at [src/hotspot/share/interpreter/linkResolver.cpp, line 773]
Event: 6.232 Thread 0x000001821e505800 Exception <a 'java/lang/NoSuchMethodError'{0x0000000088431618}: 'java.lang.Object java.lang.invoke.DirectMethodHandle$Holder.invokeStatic(java.lang.Object, java.lang.Object, java.lang.Object, java.lang.Object, java.lang.Object, java.lang.Object, java.lang.Object, java.lang.Object, java.lang.Object, java.lang.Object, java.lang.Object, int, int, java.lang.Object)'> (0x0000000088431618) thrown at [src/hotspot/share/interpreter/linkResolver.cpp, line 773]
Event: 6.234 Thread 0x000001821e505800 Exception <a 'java/lang/NoSuchMethodError'{0x0000000088452c60}: 'java.lang.Object java.lang.invoke.DirectMethodHandle$Holder.invokeStatic(java.lang.Object, java.lang.Object, java.lang.Object, java.lang.Object, java.lang.Object, java.lang.Object, java.lang.Object, java.lang.Object, java.lang.Object, java.lang.Object, java.lang.Object, int, int, java.lang.Object, java.lang.Object)'> (0x0000000088452c60) thrown at [src/hotspot/share/interpreter/linkResolver.cpp, line 773]
Event: 6.237 Thread 0x000001821e505800 Exception <a 'java/lang/ClassNotFoundException'{0x0000000088484740}: groovy/lang/ExpandoMetaClassBeanInfo> (0x0000000088484740) thrown at [src/hotspot/share/classfile/systemDictionary.cpp, line 230]
Event: 6.237 Thread 0x000001821e505800 Exception <a 'java/lang/ClassNotFoundException'{0x00000000884a61c0}: groovy/lang/MetaClassImplBeanInfo> (0x00000000884a61c0) thrown at [src/hotspot/share/classfile/systemDictionary.cpp, line 230]
Event: 6.238 Thread 0x000001821e505800 Exception <a 'java/lang/ClassNotFoundException'{0x00000000884b01b8}: java/lang/ObjectBeanInfo> (0x00000000884b01b8) thrown at [src/hotspot/share/classfile/systemDictionary.cpp, line 230]
Event: 6.238 Thread 0x000001821e505800 Exception <a 'java/lang/ClassNotFoundException'{0x00000000884bc620}: java/lang/ObjectCustomizer> (0x00000000884bc620) thrown at [src/hotspot/share/classfile/systemDictionary.cpp, line 230]
Event: 6.244 Thread 0x000001821e505800 Exception <a 'java/lang/ClassNotFoundException'{0x00000000884e4e70}: groovy/lang/MetaClassImplCustomizer> (0x00000000884e4e70) thrown at [src/hotspot/share/classfile/systemDictionary.cpp, line 230]
Event: 6.247 Thread 0x000001821e505800 Exception <a 'java/lang/ClassNotFoundException'{0x0000000088326860}: groovy/lang/ExpandoMetaClassCustomizer> (0x0000000088326860) thrown at [src/hotspot/share/classfile/systemDictionary.cpp, line 230]

Events (20 events):
Event: 6.352 loading class java/time/zone/ZoneRulesProvider$1
Event: 6.352 loading class java/time/zone/ZoneRulesProvider$1 done
Event: 6.352 loading class java/time/zone/TzdbZoneRulesProvider
Event: 6.353 loading class java/time/zone/TzdbZoneRulesProvider done
Event: 6.354 loading class java/time/zone/Ser
Event: 6.354 loading class java/time/zone/Ser done
Event: 6.354 loading class java/time/zone/ZoneOffsetTransitionRule
Event: 6.354 loading class java/time/zone/ZoneOffsetTransitionRule done
Event: 6.355 loading class java/time/zone/ZoneOffsetTransition
Event: 6.355 loading class java/time/zone/ZoneOffsetTransition done
Event: 6.355 loading class java/time/chrono/IsoChronology
Event: 6.355 loading class java/time/chrono/AbstractChronology
Event: 6.355 loading class java/time/chrono/AbstractChronology done
Event: 6.355 loading class java/time/chrono/IsoChronology done
Event: 6.357 loading class java/nio/file/ClosedDirectoryStreamException
Event: 6.357 loading class java/nio/file/ClosedDirectoryStreamException done
Event: 6.357 loading class java/nio/file/DirectoryIteratorException
Event: 6.357 loading class java/nio/file/DirectoryIteratorException done
Event: 6.373 loading class jdk/nio/zipfs/ZipFileSystem
Event: 6.373 loading class jdk/nio/zipfs/ZipFileSystem done


Dynamic libraries:
0x00007ff69b3e0000 - 0x00007ff69b3ea000 	D:\android studio\jbr\bin\java.exe
0x00007ffa6bf30000 - 0x00007ffa6c128000 	C:\Windows\SYSTEM32\ntdll.dll
0x00007ffa6ada0000 - 0x00007ffa6ae5f000 	C:\Windows\System32\KERNEL32.DLL
0x00007ffa699d0000 - 0x00007ffa69cc6000 	C:\Windows\System32\KERNELBASE.dll
0x00007ffa69e90000 - 0x00007ffa69f90000 	C:\Windows\System32\ucrtbase.dll
0x00007ffa571f0000 - 0x00007ffa5720b000 	D:\android studio\jbr\bin\VCRUNTIME140.dll
0x00007ffa56940000 - 0x00007ffa56957000 	D:\android studio\jbr\bin\jli.dll
0x00007ffa6a7d0000 - 0x00007ffa6a96d000 	C:\Windows\System32\USER32.dll
0x00007ffa699a0000 - 0x00007ffa699c2000 	C:\Windows\System32\win32u.dll
0x00007ffa565a0000 - 0x00007ffa5683a000 	C:\Windows\WinSxS\amd64_microsoft.windows.common-controls_6595b64144ccf1df_6.0.19041.1110_none_60b5254171f9507e\COMCTL32.dll
0x00007ffa6aa20000 - 0x00007ffa6aa4c000 	C:\Windows\System32\GDI32.dll
0x00007ffa6b0b0000 - 0x00007ffa6b14e000 	C:\Windows\System32\msvcrt.dll
0x00007ffa69720000 - 0x00007ffa69835000 	C:\Windows\System32\gdi32full.dll
0x00007ffa69680000 - 0x00007ffa6971d000 	C:\Windows\System32\msvcp_win.dll
0x00007ffa6b200000 - 0x00007ffa6b230000 	C:\Windows\System32\IMM32.DLL
0x00007ffa57490000 - 0x00007ffa5749c000 	D:\android studio\jbr\bin\vcruntime140_1.dll
0x00007ffa3d6f0000 - 0x00007ffa3d77d000 	D:\android studio\jbr\bin\msvcp140.dll
0x00007ff9d8e20000 - 0x00007ff9d99dc000 	D:\android studio\jbr\bin\server\jvm.dll
0x00007ffa6a970000 - 0x00007ffa6aa1f000 	C:\Windows\System32\ADVAPI32.dll
0x00007ffa6b320000 - 0x00007ffa6b3bc000 	C:\Windows\System32\sechost.dll
0x00007ffa6aa50000 - 0x00007ffa6ab76000 	C:\Windows\System32\RPCRT4.dll
0x00007ffa69f90000 - 0x00007ffa69f98000 	C:\Windows\System32\PSAPI.DLL
0x00007ffa4e360000 - 0x00007ffa4e369000 	C:\Windows\SYSTEM32\WSOCK32.dll
0x00007ffa64b80000 - 0x00007ffa64ba7000 	C:\Windows\SYSTEM32\WINMM.dll
0x00007ffa6ad30000 - 0x00007ffa6ad9b000 	C:\Windows\System32\WS2_32.dll
0x00007ffa5e780000 - 0x00007ffa5e78a000 	C:\Windows\SYSTEM32\VERSION.dll
0x00007ffa67e60000 - 0x00007ffa67e72000 	C:\Windows\SYSTEM32\kernel.appcore.dll
0x00007ffa66740000 - 0x00007ffa66750000 	D:\android studio\jbr\bin\verify.dll
0x00007ffa66f10000 - 0x00007ffa670f4000 	C:\Windows\SYSTEM32\DBGHELP.DLL
0x00007ffa50460000 - 0x00007ffa50494000 	C:\Windows\SYSTEM32\dbgcore.DLL
0x00007ffa69e00000 - 0x00007ffa69e82000 	C:\Windows\System32\bcryptPrimitives.dll
0x00007ffa62760000 - 0x00007ffa62788000 	D:\android studio\jbr\bin\java.dll
0x00007ffa66600000 - 0x00007ffa6660a000 	D:\android studio\jbr\bin\jimage.dll
0x00007ffa64410000 - 0x00007ffa64428000 	D:\android studio\jbr\bin\zip.dll
0x00007ffa6b5f0000 - 0x00007ffa6bd34000 	C:\Windows\System32\SHELL32.dll
0x00007ffa676b0000 - 0x00007ffa67e43000 	C:\Windows\SYSTEM32\windows.storage.dll
0x00007ffa69fa0000 - 0x00007ffa6a2f4000 	C:\Windows\System32\combase.dll
0x00007ffa69000000 - 0x00007ffa6902e000 	C:\Windows\SYSTEM32\Wldp.dll
0x00007ffa6b4e0000 - 0x00007ffa6b58d000 	C:\Windows\System32\SHCORE.dll
0x00007ffa6b590000 - 0x00007ffa6b5e5000 	C:\Windows\System32\shlwapi.dll
0x00007ffa69550000 - 0x00007ffa6956f000 	C:\Windows\SYSTEM32\profapi.dll
0x00007ffa58950000 - 0x00007ffa58969000 	D:\android studio\jbr\bin\net.dll
0x00007ffa601a0000 - 0x00007ffa602aa000 	C:\Windows\SYSTEM32\WINHTTP.dll
0x00007ffa68cf0000 - 0x00007ffa68d5a000 	C:\Windows\system32\mswsock.dll
0x00007ffa57410000 - 0x00007ffa57423000 	D:\android studio\jbr\bin\nio.dll
0x00007ffa3d800000 - 0x00007ffa3d827000 	C:\Users\Honor\.gradle\native\e1d6ef7f7dcc3fd88c89a11ec53ec762bb8ba0a96d01ffa2cd45eb1d1d8dd5c5\windows-amd64\native-platform.dll
0x00007ffa27330000 - 0x00007ffa27474000 	C:\Users\Honor\.gradle\native\0d407fdbe67a94daf76414ababcb853783967236a71b16ec16e742cd7a986fd3\windows-amd64\native-platform-file-events.dll
0x00007ffa665f0000 - 0x00007ffa665fa000 	D:\android studio\jbr\bin\management.dll
0x00007ffa665b0000 - 0x00007ffa665bb000 	D:\android studio\jbr\bin\management_ext.dll
0x00007ffa68f60000 - 0x00007ffa68f78000 	C:\Windows\SYSTEM32\CRYPTSP.dll
0x00007ffa68610000 - 0x00007ffa68644000 	C:\Windows\system32\rsaenh.dll
0x00007ffa69cd0000 - 0x00007ffa69cf7000 	C:\Windows\System32\bcrypt.dll
0x00007ffa69510000 - 0x00007ffa6953e000 	C:\Windows\SYSTEM32\USERENV.dll
0x00007ffa68f50000 - 0x00007ffa68f5c000 	C:\Windows\SYSTEM32\CRYPTBASE.dll
0x00007ffa689e0000 - 0x00007ffa68a1c000 	C:\Windows\SYSTEM32\IPHLPAPI.DLL
0x00007ffa6b310000 - 0x00007ffa6b318000 	C:\Windows\System32\NSI.dll
0x00007ffa605f0000 - 0x00007ffa60607000 	C:\Windows\SYSTEM32\dhcpcsvc6.DLL
0x00007ffa605d0000 - 0x00007ffa605ed000 	C:\Windows\SYSTEM32\dhcpcsvc.DLL
0x00007ffa68a20000 - 0x00007ffa68aeb000 	C:\Windows\SYSTEM32\DNSAPI.dll

dbghelp: loaded successfully - version: 4.0.5 - missing functions: none
symbol engine: initialized successfully - sym options: 0x614 - pdb path: .;D:\android studio\jbr\bin;C:\Windows\SYSTEM32;C:\Windows\WinSxS\amd64_microsoft.windows.common-controls_6595b64144ccf1df_6.0.19041.1110_none_60b5254171f9507e;D:\android studio\jbr\bin\server;C:\Users\Honor\.gradle\native\e1d6ef7f7dcc3fd88c89a11ec53ec762bb8ba0a96d01ffa2cd45eb1d1d8dd5c5\windows-amd64;C:\Users\Honor\.gradle\native\0d407fdbe67a94daf76414ababcb853783967236a71b16ec16e742cd7a986fd3\windows-amd64

VM Arguments:
jvm_args: --add-opens=java.base/java.util=ALL-UNNAMED --add-opens=java.base/java.lang=ALL-UNNAMED --add-opens=java.base/java.lang.invoke=ALL-UNNAMED --add-opens=java.base/java.util=ALL-UNNAMED --add-opens=java.prefs/java.util.prefs=ALL-UNNAMED --add-opens=java.prefs/java.util.prefs=ALL-UNNAMED --add-opens=java.base/java.nio.charset=ALL-UNNAMED --add-opens=java.base/java.net=ALL-UNNAMED --add-opens=java.base/java.util.concurrent.atomic=ALL-UNNAMED -Xmx2048m -Dfile.encoding=UTF-8 -Duser.country=RU -Duser.language=ru -Duser.variant 
java_command: org.gradle.launcher.daemon.bootstrap.GradleDaemon 7.5
java_class_path (initial): C:\Users\Honor\.gradle\wrapper\dists\gradle-7.5-bin\f1w0cc9nuo0eivz97x2xlu9sv\gradle-7.5\lib\gradle-launcher-7.5.jar
Launcher Type: SUN_STANDARD

[Global flags]
     intx CICompilerCount                          = 3                                         {product} {ergonomic}
     uint ConcGCThreads                            = 2                                         {product} {ergonomic}
     uint G1ConcRefinementThreads                  = 6                                         {product} {ergonomic}
   size_t G1HeapRegionSize                         = 1048576                                   {product} {ergonomic}
    uintx GCDrainStackTargetSize                   = 64                                        {product} {ergonomic}
   size_t InitialHeapSize                          = 123731968                                 {product} {ergonomic}
   size_t MarkStackSize                            = 4194304                                   {product} {ergonomic}
   size_t MaxHeapSize                              = 2147483648                                {product} {command line}
   size_t MaxNewSize                               = 1287651328                                {product} {ergonomic}
   size_t MinHeapDeltaBytes                        = 1048576                                   {product} {ergonomic}
    uintx NonNMethodCodeHeapSize                   = 5830732                                {pd product} {ergonomic}
    uintx NonProfiledCodeHeapSize                  = 122913754                              {pd product} {ergonomic}
    uintx ProfiledCodeHeapSize                     = 122913754                              {pd product} {ergonomic}
    uintx ReservedCodeCacheSize                    = 251658240                              {pd product} {ergonomic}
     bool SegmentedCodeCache                       = true                                      {product} {ergonomic}
     bool UseCompressedClassPointers               = true                                 {lp64_product} {ergonomic}
     bool UseCompressedOops                        = true                                 {lp64_product} {ergonomic}
     bool UseG1GC                                  = true                                      {product} {ergonomic}
     bool UseLargePagesIndividualAllocation        = false                                  {pd product} {ergonomic}

Logging:
Log output configuration:
 #0: stdout all=warning uptime,level,tags
 #1: stderr all=off uptime,level,tags

Environment Variables:
PATH=C:\Program Files\Microsoft\jdk-11.0.16.101-hotspot\bin;C:\Program Files (x86)\Common Files\Oracle\Java\javapath;C:\Windows\system32;C:\Windows;C:\Windows\System32\Wbem;C:\Windows\System32\WindowsPowerShell\v1.0\;C:\Windows\System32\OpenSSH\;C:\Program Files\Microsoft SQL Server\130\Tools\Binn\;C:\Program Files\Microsoft SQL Server\Client SDK\ODBC\170\Tools\Binn\;C:\Program Files\Microsoft SQL Server\Client SDK\ODBC\130\Tools\Binn\;C:\Program Files (x86)\Microsoft SQL Server\140\Tools\Binn\;C:\Program Files\Microsoft SQL Server\140\Tools\Binn\;C:\Program Files\Microsoft SQL Server\140\DTS\Binn\;C:\Program Files (x86)\Microsoft SQL Server\150\DTS\Binn\;C:\Program Files\Azure Data Studio\bin;C:\Program Files\dotnet\;C:\Program Files\Microsoft SQL Server\150\Tools\Binn\;D:\Git\cmd;C:\Users\Honor\AppData\Local\Programs\Python\Python311\Scripts\;C:\Users\Honor\AppData\Local\Programs\Python\Python311\;C:\Users\Honor\AppData\Local\Microsoft\WindowsApps;C:\Program Files\Azure Data Studio\bin;D:\\;D:\pycharm\PyCharm Community Edition 2022.3.2\bin;;C:\Users\Honor\AppData\Local\GitHubDesktop\bin;D:\\Microsoft VS Code\bin;C:\Users\Honor\.dotnet\tools
USERNAME=Honor
OS=Windows_NT
PROCESSOR_IDENTIFIER=AMD64 Family 23 Model 96 Stepping 1, AuthenticAMD



---------------  S Y S T E M  ---------------

OS: Windows 10 , 64 bit Build 19041 (10.0.19041.2913)
OS uptime: 3 days 5:29 hours

CPU:total 6 (initial active 6) (6 cores per cpu, 1 threads per core) family 23 model 96 stepping 1 microcode 0x0, cmov, cx8, fxsr, mmx, sse, sse2, sse3, ssse3, sse4.1, sse4.2, popcnt, avx, avx2, aes, clmul, mmxext, 3dnowpref, lzcnt, sse4a, tsc, tscinvbit, tscinv, bmi1, bmi2, adx, sha, fma

Memory: 4k page, system-wide physical 7549M (656M free)
TotalPageFile size 19457M (AvailPageFile size 8113M)
current process WorkingSet (physical memory assigned to process): 258M, peak: 258M
current process commit charge ("private bytes"): 321M, peak: 321M

vm_info: OpenJDK 64-Bit Server VM (11.0.15+0-b2043.56-9505619) for windows-amd64 JRE (11.0.15+0-b2043.56-9505619), built on Jan 19 2023 02:48:00 by "builduser" with unknown MS VC++:1929

END.
